<?xml version="1.0" encoding="UTF-8"?>
<!-- Generated by org.testng.reporters.JUnitReportReporter -->
<testsuite hostname="Manthan" failures="0" tests="9" name="dataProvider.Dataprovider_using_XML" time="0.521" errors="0" timestamp="2025-06-23T17:33:30 IST" skipped="0">
  <testcase classname="dataProvider.Dataprovider_using_XML" name="testlogo" time="0.121"/>
  <testcase classname="dataProvider.Dataprovider_using_XML" name="testlogo" time="0.235"/>
  <testcase classname="dataProvider.Dataprovider_using_XML" name="testlogo" time="0.120"/>
  <testcase classname="dataProvider.Dataprovider_using_XML" name="testTitle" time="0.011"/>
  <testcase classname="dataProvider.Dataprovider_using_XML" name="testTitle" time="0.006"/>
  <testcase classname="dataProvider.Dataprovider_using_XML" name="testTitle" time="0.009"/>
  <testcase classname="dataProvider.Dataprovider_using_XML" name="testURL" time="0.006"/>
  <testcase classname="dataProvider.Dataprovider_using_XML" name="testURL" time="0.009"/>
  <testcase classname="dataProvider.Dataprovider_using_XML" name="testURL" time="0.004"/>
</testsuite> <!-- dataProvider.Dataprovider_using_XML -->
