<?xml version="1.0" encoding="UTF-8"?>
<!-- Generated by org.testng.reporters.JUnitReportReporter -->
<testsuite hostname="Manthan" failures="0" tests="2" name="testNG.All_annotation" time="0.016" errors="0" timestamp="2025-06-20T13:51:58 IST" skipped="0">
  <testcase classname="testNG.All_annotation" name="test1" time="0.011"/>
  <testcase classname="testNG.All_annotation" name="test2" time="0.005"/>
</testsuite> <!-- testNG.All_annotation -->
