<?xml version="1.0" encoding="UTF-8"?>
<!-- Generated by org.testng.reporters.JUnitReportReporter -->
<testsuite hostname="Manthan" failures="0" tests="2" name="testNG.BeforeClass_AfterrClass" time="0.007" errors="0" timestamp="2025-07-09T10:25:38 IST" skipped="0">
  <testcase classname="testNG.BeforeClass_AfterrClass" name="search3r4r" time="0.006"/>
  <testcase classname="testNG.BeforeClass_AfterrClass" name="advancedsearch566" time="0.001"/>
</testsuite> <!-- testNG.BeforeClass_AfterrClass -->
