<?xml version="1.0" encoding="UTF-8"?>
<!-- Generated by org.testng.reporters.JUnitReportReporter -->
<testsuite hostname="Manthan" failures="0" tests="1" name="testNG.AssertionDemo" time="0.019" errors="0" timestamp="2025-06-20T14:14:42 IST" skipped="0">
  <testcase classname="testNG.AssertionDemo" name="testapp" time="0.019"/>
</testsuite> <!-- testNG.AssertionDemo -->
