<?xml version="1.0" encoding="UTF-8"?>
<!-- Generated by org.testng.reporters.JUnitReportReporter -->
<testsuite hostname="Manthan" failures="0" tests="4" name="testNG.OrangeHrmTest" time="17.704" errors="0" timestamp="2025-07-04T17:46:11 IST" skipped="0">
  <testcase classname="testNG.OrangeHrmTest" name="openapp2" time="6.839"/>
  <testcase classname="testNG.OrangeHrmTest" name="logotest34" time="5.078"/>
  <testcase classname="testNG.OrangeHrmTest" name="testlogin443" time="0.332"/>
  <testcase classname="testNG.OrangeHrmTest" name="testlogout998" time="5.455"/>
</testsuite> <!-- testNG.OrangeHrmTest -->
