<?xml version="1.0" encoding="UTF-8"?>
<!-- Generated by org.testng.reporters.JUnitReportReporter -->
<testsuite hostname="Manthan" failures="0" tests="3" name="testNG.FirstTestcase" time="0.007" errors="0" timestamp="2025-07-04T17:46:11 IST" skipped="0">
  <testcase classname="testNG.FirstTestcase" name="openapp111" time="0.002"/>
  <testcase classname="testNG.FirstTestcase" name="login2" time="0.002"/>
  <testcase classname="testNG.FirstTestcase" name="logout3" time="0.003"/>
</testsuite> <!-- testNG.FirstTestcase -->
