<?xml version="1.0" encoding="UTF-8"?>
<!-- Generated by org.testng.reporters.JUnitReportReporter -->
<testsuite hostname="Manthan" failures="0" tests="2" name="testNG.Beforemethods_Aftermethods" time="0.022" errors="0" timestamp="2025-07-09T10:24:48 IST" skipped="0">
  <testcase classname="testNG.Beforemethods_Aftermethods" name="search100" time="0.008"/>
  <testcase classname="testNG.Beforemethods_Aftermethods" name="advancedsearch101" time="0.014"/>
</testsuite> <!-- testNG.Beforemethods_Aftermethods -->
