<?xml version="1.0" encoding="UTF-8"?>
<!-- Generated by org.testng.reporters.JUnitReportReporter -->
<testsuite hostname="Manthan" failures="0" tests="2" name="testNG.BeforeTest1_AfterTest1" time="0.018" errors="0" timestamp="2025-06-20T13:26:49 IST" skipped="0">
  <testcase classname="testNG.BeforeTest1_AfterTest1" name="testSearchProduct" time="0.002"/>
  <testcase classname="testNG.BeforeTest1_AfterTest1" name="testAddToCart" time="0.016"/>
</testsuite> <!-- testNG.BeforeTest1_AfterTest1 -->
