<?xml version="1.0" encoding="UTF-8"?>
<!-- Generated by org.testng.reporters.JUnitReportReporter -->
<testsuite hostname="Manthan" failures="0" tests="1" name="page_object_model.LoginPage_for_withoutUsing_Pagefactory" time="0.799" errors="0" timestamp="2025-06-24T15:35:08 IST" skipped="0">
  <testcase classname="page_object_model.LoginPage_for_withoutUsing_Pagefactory" name="logintest" time="0.799"/>
</testsuite> <!-- page_object_model.LoginPage_for_withoutUsing_Pagefactory -->
