<?xml version="1.0" encoding="UTF-8"?>
<!-- Generated by org.testng.reporters.JUnitReportReporter -->
<testsuite hostname="Manthan" failures="0" tests="4" name="testNG.OrangeHrmTest" time="15.133" errors="0" timestamp="2025-07-09T16:18:40 IST" skipped="0">
  <testcase classname="testNG.OrangeHrmTest" name="openapp2" time="4.640"/>
  <testcase classname="testNG.OrangeHrmTest" name="logotest34" time="5.066"/>
  <testcase classname="testNG.OrangeHrmTest" name="testlogin443" time="0.215"/>
  <testcase classname="testNG.OrangeHrmTest" name="testlogout998" time="5.212"/>
</testsuite> <!-- testNG.OrangeHrmTest -->
