<?xml version="1.0" encoding="UTF-8"?>
<!-- Generated by org.testng.reporters.JUnitReportReporter -->
<testsuite hostname="Manthan" failures="0" tests="4" name="testNG.OrangeHrmTest" time="20.618" errors="0" timestamp="2025-07-19T12:24:25 IST" skipped="0">
  <testcase classname="testNG.OrangeHrmTest" name="openapp2" time="9.398"/>
  <testcase classname="testNG.OrangeHrmTest" name="logotest34" time="5.159"/>
  <testcase classname="testNG.OrangeHrmTest" name="testlogin443" time="0.768"/>
  <testcase classname="testNG.OrangeHrmTest" name="testlogout998" time="5.293"/>
</testsuite> <!-- testNG.OrangeHrmTest -->
