<?xml version="1.0" encoding="UTF-8"?>
<!-- Generated by org.testng.reporters.JUnitReportReporter -->
<testsuite hostname="Manthan" failures="0" tests="4" name="testNG.OrangeHrmTest" time="28.219" errors="0" timestamp="2025-07-19T12:06:41 IST" skipped="0">
  <testcase classname="testNG.OrangeHrmTest" name="openapp2" time="17.297"/>
  <testcase classname="testNG.OrangeHrmTest" name="logotest34" time="5.092"/>
  <testcase classname="testNG.OrangeHrmTest" name="testlogin443" time="0.455"/>
  <testcase classname="testNG.OrangeHrmTest" name="testlogout998" time="5.375"/>
</testsuite> <!-- testNG.OrangeHrmTest -->
